{"meta": {"version": "7.2.7", "timestamp": "2023-06-16T23:08:46.668190", "branch_coverage": false, "show_contexts": false}, "files": {"backend/__init__.py": {"executed_lines": [1], "summary": {"covered_lines": 0, "num_statements": 0, "percent_covered": 100.0, "percent_covered_display": "100", "missing_lines": 0, "excluded_lines": 0}, "missing_lines": [], "excluded_lines": []}, "backend/settings.py": {"executed_lines": [1, 13, 14, 17, 24, 27, 29, 34, 46, 57, 59, 75, 81, 92, 111, 113, 115, 117, 119, 120, 121, 126, 131, 133], "summary": {"covered_lines": 23, "num_statements": 23, "percent_covered": 100.0, "percent_covered_display": "100", "missing_lines": 0, "excluded_lines": 0}, "missing_lines": [], "excluded_lines": []}, "todo/__init__.py": {"executed_lines": [1], "summary": {"covered_lines": 0, "num_statements": 0, "percent_covered": 100.0, "percent_covered_display": "100", "missing_lines": 0, "excluded_lines": 0}, "missing_lines": [], "excluded_lines": []}, "todo/admin.py": {"executed_lines": [1, 2, 4, 5, 8, 9], "summary": {"covered_lines": 6, "num_statements": 6, "percent_covered": 100.0, "percent_covered_display": "100", "missing_lines": 0, "excluded_lines": 0}, "missing_lines": [], "excluded_lines": []}, "todo/api.py": {"executed_lines": [1, 3, 5, 6, 8, 9, 10, 12, 13, 14, 15, 18, 19, 23, 24, 28, 38, 39, 40, 41, 43, 44, 48, 49, 50, 63, 64, 65, 67, 71, 72, 73, 75], "summary": {"covered_lines": 31, "num_statements": 39, "percent_covered": 79.48717948717949, "percent_covered_display": "79", "missing_lines": 8, "excluded_lines": 0}, "missing_lines": [20, 76, 77, 78, 79, 81, 82, 84], "excluded_lines": []}, "todo/apps.py": {"executed_lines": [1, 2, 3, 4, 6, 7, 8, 10, 11, 14, 16], "summary": {"covered_lines": 11, "num_statements": 12, "percent_covered": 91.66666666666667, "percent_covered_display": "92", "missing_lines": 1, "excluded_lines": 0}, "missing_lines": [12], "excluded_lines": []}, "todo/client_integration/client.py": {"executed_lines": [1, 2, 3, 5, 7, 9, 10, 13, 15, 16, 18, 19, 21, 22, 24, 25, 27, 28, 30, 31, 35, 37, 40, 41, 43, 44, 46, 49, 51, 52, 54, 56, 58, 60, 61, 63, 64, 66, 68, 69, 71, 73, 74, 76, 77, 79, 80, 82, 84, 85, 87, 89, 100, 101, 103, 104, 106, 108, 111, 112, 114, 116, 117, 118, 119, 120, 121, 123, 125, 127, 133, 134, 135, 138, 139, 141, 143, 145, 146, 148, 150, 151, 153, 154, 156, 161, 164, 165, 166, 167, 169, 170, 172, 173, 178, 179, 183, 185, 188], "summary": {"covered_lines": 99, "num_statements": 108, "percent_covered": 91.66666666666667, "percent_covered_display": "92", "missing_lines": 9, "excluded_lines": 0}, "missing_lines": [11, 47, 128, 130, 131, 136, 157, 162, 189], "excluded_lines": []}, "todo/crawlers/crawler.py": {"executed_lines": [1, 2, 4, 6, 7, 8, 9, 10, 12, 13, 14, 15, 16, 17, 18, 20, 21, 33, 35, 46], "summary": {"covered_lines": 20, "num_statements": 32, "percent_covered": 62.5, "percent_covered_display": "62", "missing_lines": 12, "excluded_lines": 0}, "missing_lines": [36, 37, 38, 39, 40, 41, 42, 44, 47, 48, 49, 50], "excluded_lines": []}, "todo/crawlers/remove.py": {"executed_lines": [1, 3], "summary": {"covered_lines": 2, "num_statements": 6, "percent_covered": 33.333333333333336, "percent_covered_display": "33", "missing_lines": 4, "excluded_lines": 0}, "missing_lines": [4, 5, 6, 7], "excluded_lines": []}, "todo/migrations/0001_initial.py": {"executed_lines": [3, 6, 8, 10, 13], "summary": {"covered_lines": 5, "num_statements": 5, "percent_covered": 100.0, "percent_covered_display": "100", "missing_lines": 0, "excluded_lines": 0}, "missing_lines": [], "excluded_lines": []}, "todo/migrations/0002_alter_movies_genres_alter_movies_language_and_more.py": {"executed_lines": [3, 6, 8, 12], "summary": {"covered_lines": 4, "num_statements": 4, "percent_covered": 100.0, "percent_covered_display": "100", "missing_lines": 0, "excluded_lines": 0}, "missing_lines": [], "excluded_lines": []}, "todo/migrations/0003_alter_movies_release_date.py": {"executed_lines": [3, 6, 8, 12], "summary": {"covered_lines": 4, "num_statements": 4, "percent_covered": 100.0, "percent_covered_display": "100", "missing_lines": 0, "excluded_lines": 0}, "missing_lines": [], "excluded_lines": []}, "todo/migrations/0004_alter_movies_release_date.py": {"executed_lines": [3, 6, 8, 12], "summary": {"covered_lines": 4, "num_statements": 4, "percent_covered": 100.0, "percent_covered_display": "100", "missing_lines": 0, "excluded_lines": 0}, "missing_lines": [], "excluded_lines": []}, "todo/migrations/0005_client_movieclient.py": {"executed_lines": [3, 4, 7, 9, 13], "summary": {"covered_lines": 5, "num_statements": 5, "percent_covered": 100.0, "percent_covered_display": "100", "missing_lines": 0, "excluded_lines": 0}, "missing_lines": [], "excluded_lines": []}, "todo/migrations/0006_movies_available_copies.py": {"executed_lines": [3, 6, 8, 12], "summary": {"covered_lines": 4, "num_statements": 4, "percent_covered": 100.0, "percent_covered_display": "100", "missing_lines": 0, "excluded_lines": 0}, "missing_lines": [], "excluded_lines": []}, "todo/migrations/0007_alter_movies_available_copies.py": {"executed_lines": [3, 6, 8, 12], "summary": {"covered_lines": 4, "num_statements": 4, "percent_covered": 100.0, "percent_covered_display": "100", "missing_lines": 0, "excluded_lines": 0}, "missing_lines": [], "excluded_lines": []}, "todo/migrations/0008_client_money.py": {"executed_lines": [3, 6, 8, 12], "summary": {"covered_lines": 4, "num_statements": 4, "percent_covered": 100.0, "percent_covered_display": "100", "missing_lines": 0, "excluded_lines": 0}, "missing_lines": [], "excluded_lines": []}, "todo/migrations/0009_movies_price.py": {"executed_lines": [3, 6, 8, 12], "summary": {"covered_lines": 4, "num_statements": 4, "percent_covered": 100.0, "percent_covered_display": "100", "missing_lines": 0, "excluded_lines": 0}, "missing_lines": [], "excluded_lines": []}, "todo/migrations/0010_rename_address_line1_client_address_line.py": {"executed_lines": [3, 6, 8, 12], "summary": {"covered_lines": 4, "num_statements": 4, "percent_covered": 100.0, "percent_covered_display": "100", "missing_lines": 0, "excluded_lines": 0}, "missing_lines": [], "excluded_lines": []}, "todo/migrations/__init__.py": {"executed_lines": [1], "summary": {"covered_lines": 0, "num_statements": 0, "percent_covered": 100.0, "percent_covered_display": "100", "missing_lines": 0, "excluded_lines": 0}, "missing_lines": [], "excluded_lines": []}, "todo/models.py": {"executed_lines": [1, 4, 23, 25, 26, 27, 28, 29, 30, 31, 32, 33, 34, 35, 37, 41, 43, 44, 45, 46, 47, 48, 49, 50, 52, 54, 55], "summary": {"covered_lines": 27, "num_statements": 28, "percent_covered": 96.42857142857143, "percent_covered_display": "96", "missing_lines": 1, "excluded_lines": 0}, "missing_lines": [38], "excluded_lines": []}, "todo/recommendation/recommendation_model.py": {"executed_lines": [1, 2, 3, 5, 6, 7, 9, 10, 11, 12, 13, 14, 17, 19, 21, 24, 26, 28, 30, 32, 33, 34, 37, 38, 39, 40, 42, 43, 45, 47, 49, 51, 53, 55, 61, 62, 63, 67, 71, 72, 73, 75, 77, 78, 80, 81, 83, 85, 87], "summary": {"covered_lines": 49, "num_statements": 51, "percent_covered": 96.07843137254902, "percent_covered_display": "96", "missing_lines": 2, "excluded_lines": 0}, "missing_lines": [22, 68], "excluded_lines": []}, "todo/recommendation/recommender.py": {"executed_lines": [1, 2, 3, 4, 7, 18, 20, 22, 25, 31, 32, 33, 35, 36, 37, 38, 41, 44, 46, 49, 51, 59], "summary": {"covered_lines": 22, "num_statements": 41, "percent_covered": 53.65853658536585, "percent_covered_display": "54", "missing_lines": 19, "excluded_lines": 0}, "missing_lines": [8, 9, 11, 13, 15, 52, 54, 56, 60, 62, 64, 66, 67, 69, 70, 72, 74, 76, 78], "excluded_lines": []}, "todo/serializers.py": {"executed_lines": [1, 2, 4, 5, 6, 7], "summary": {"covered_lines": 6, "num_statements": 6, "percent_covered": 100.0, "percent_covered_display": "100", "missing_lines": 0, "excluded_lines": 0}, "missing_lines": [], "excluded_lines": []}, "todo/testudos/__init__.py": {"executed_lines": [1], "summary": {"covered_lines": 0, "num_statements": 0, "percent_covered": 100.0, "percent_covered_display": "100", "missing_lines": 0, "excluded_lines": 0}, "missing_lines": [], "excluded_lines": []}, "todo/testudos/api/__init__.py": {"executed_lines": [1], "summary": {"covered_lines": 0, "num_statements": 0, "percent_covered": 100.0, "percent_covered_display": "100", "missing_lines": 0, "excluded_lines": 0}, "missing_lines": [], "excluded_lines": []}, "todo/testudos/api/test_integration.py": {"executed_lines": [1, 2, 4, 6, 7, 8, 9, 10, 11, 14, 15, 21, 22, 23, 26, 28, 29, 35, 37, 39, 41, 44, 45, 47, 53, 55, 62, 66, 67, 68, 69, 72, 73, 74, 75, 78, 79, 80, 81, 82, 85, 86, 88, 89, 90, 91, 93], "summary": {"covered_lines": 47, "num_statements": 47, "percent_covered": 100.0, "percent_covered_display": "100", "missing_lines": 0, "excluded_lines": 0}, "missing_lines": [], "excluded_lines": []}, "todo/testudos/client/__init__.py": {"executed_lines": [1], "summary": {"covered_lines": 0, "num_statements": 0, "percent_covered": 100.0, "percent_covered_display": "100", "missing_lines": 0, "excluded_lines": 0}, "missing_lines": [], "excluded_lines": []}, "todo/testudos/client/test_client.py": {"executed_lines": [1, 2, 4, 5, 8, 9, 11, 12, 13, 15, 17, 19, 22, 28, 30, 33, 35, 38, 44, 46, 49, 51, 54, 59, 62, 65, 67, 70, 72, 75, 81, 84, 87, 89, 91, 93, 96, 103, 105, 108, 109, 112, 115, 117, 120, 121, 123, 129, 131, 134, 136, 137, 139, 142, 144, 147, 149, 150, 152, 154, 157, 159, 160, 162, 164, 167, 169, 170, 172, 175, 177, 180, 182, 183, 185, 188, 190, 193, 195, 197, 200, 202, 205, 207, 208, 210, 213, 215, 217, 219, 221, 224, 226, 229, 231, 234, 237, 239, 241, 243, 246, 249, 251, 253, 254, 255, 257, 260, 262, 265, 266, 267, 269, 272, 274, 276, 277, 278, 280, 283, 285, 287, 288, 290, 293, 296, 298, 299, 301, 302, 304, 307, 310, 312, 315, 316, 318, 321, 324, 326, 329, 330, 332, 335, 338, 340, 342, 343, 345, 348, 351, 353, 355, 356, 358, 361, 364, 366, 368, 369, 371, 374, 377, 379, 380], "summary": {"covered_lines": 165, "num_statements": 165, "percent_covered": 100.0, "percent_covered_display": "100", "missing_lines": 0, "excluded_lines": 0}, "missing_lines": [], "excluded_lines": []}, "todo/testudos/crawler/test_crawler.py": {"executed_lines": [1, 2, 5, 6, 8, 9, 10, 13, 15, 18, 19, 20, 22, 23, 25, 28, 29, 30, 34, 36, 41, 42, 43, 47, 49], "summary": {"covered_lines": 25, "num_statements": 25, "percent_covered": 100.0, "percent_covered_display": "100", "missing_lines": 0, "excluded_lines": 0}, "missing_lines": [], "excluded_lines": []}, "todo/testudos/recommendation/test_recommender.py": {"executed_lines": [1, 2, 3, 5, 7, 8, 11, 21, 22, 23, 25, 31, 32, 33, 35, 41, 42, 43, 44, 47, 48, 55, 56, 58, 59, 66, 67], "summary": {"covered_lines": 27, "num_statements": 27, "percent_covered": 100.0, "percent_covered_display": "100", "missing_lines": 0, "excluded_lines": 0}, "missing_lines": [], "excluded_lines": []}, "todo/utils.py": {"executed_lines": [1, 2, 6, 7, 8, 9, 11, 12, 13, 14, 15, 17, 18, 19, 20, 22], "summary": {"covered_lines": 16, "num_statements": 16, "percent_covered": 100.0, "percent_covered_display": "100", "missing_lines": 0, "excluded_lines": 0}, "missing_lines": [], "excluded_lines": []}}, "totals": {"covered_lines": 618, "num_statements": 674, "percent_covered": 91.69139465875371, "percent_covered_display": "92", "missing_lines": 56, "excluded_lines": 0}}