{"/home/heliovictor/Documents/UFMG/Teste de Software/TP/RecMovies/client/src/components/footer.jsx": {"path":"/home/heliovictor/Documents/UFMG/Teste de Software/TP/RecMovies/client/src/components/footer.jsx","statementMap":{"0":{"start":{"line":4,"column":4},"end":{"line":13,"column":6}},"1":{"start":{"line":16,"column":15},"end":{"line":35,"column":1}},"2":{"start":{"line":17,"column":2},"end":{"line":34,"column":4}}},"fnMap":{"0":{"name":"Copyright","decl":{"start":{"line":3,"column":9},"end":{"line":3,"column":18}},"loc":{"start":{"line":3,"column":21},"end":{"line":14,"column":3}},"line":3},"1":{"name":"(anonymous_1)","decl":{"start":{"line":16,"column":15},"end":{"line":16,"column":16}},"loc":{"start":{"line":16,"column":21},"end":{"line":35,"column":1}},"line":16}},"branchMap":{},"s":{"0":1,"1":1,"2":1},"f":{"0":1,"1":1},"b":{},"_coverageSchema":"1a1c01bbd47fc00a2c39e90264f33305004495a9","hash":"4bbe83cacde41370d12be3b9216d802c9cd55265"}
,"/home/heliovictor/Documents/UFMG/Teste de Software/TP/RecMovies/client/src/components/movieList.jsx": {"path":"/home/heliovictor/Documents/UFMG/Teste de Software/TP/RecMovies/client/src/components/movieList.jsx","statementMap":{"0":{"start":{"line":9,"column":24},"end":{"line":9,"column":61}},"1":{"start":{"line":12,"column":13},"end":{"line":12,"column":15}},"2":{"start":{"line":13,"column":2},"end":{"line":15,"column":3}},"3":{"start":{"line":13,"column":15},"end":{"line":13,"column":16}},"4":{"start":{"line":14,"column":4},"end":{"line":14,"column":112}},"5":{"start":{"line":16,"column":2},"end":{"line":16,"column":14}},"6":{"start":{"line":20,"column":2},"end":{"line":27,"column":5}},"7":{"start":{"line":31,"column":2},"end":{"line":39,"column":19}},"8":{"start":{"line":43,"column":21},"end":{"line":43,"column":34}},"9":{"start":{"line":44,"column":2},"end":{"line":52,"column":3}},"10":{"start":{"line":46,"column":23},"end":{"line":46,"column":65}},"11":{"start":{"line":56,"column":12},"end":{"line":56,"column":13}},"12":{"start":{"line":56,"column":25},"end":{"line":56,"column":26}},"13":{"start":{"line":56,"column":38},"end":{"line":56,"column":39}},"14":{"start":{"line":57,"column":2},"end":{"line":57,"column":50}},"15":{"start":{"line":59,"column":2},"end":{"line":73,"column":4}},"16":{"start":{"line":63,"column":10},"end":{"line":67,"column":17}}},"fnMap":{"0":{"name":"NoMoviesToShow","decl":{"start":{"line":11,"column":9},"end":{"line":11,"column":23}},"loc":{"start":{"line":11,"column":26},"end":{"line":17,"column":1}},"line":11},"1":{"name":"MovieImage","decl":{"start":{"line":19,"column":9},"end":{"line":19,"column":19}},"loc":{"start":{"line":19,"column":31},"end":{"line":28,"column":1}},"line":19},"2":{"name":"MovieDesciption","decl":{"start":{"line":30,"column":9},"end":{"line":30,"column":24}},"loc":{"start":{"line":30,"column":36},"end":{"line":40,"column":1}},"line":30},"3":{"name":"Movie","decl":{"start":{"line":42,"column":9},"end":{"line":42,"column":14}},"loc":{"start":{"line":42,"column":26},"end":{"line":53,"column":1}},"line":42},"4":{"name":"(anonymous_4)","decl":{"start":{"line":46,"column":15},"end":{"line":46,"column":16}},"loc":{"start":{"line":46,"column":21},"end":{"line":46,"column":67}},"line":46},"5":{"name":"MoviesList","decl":{"start":{"line":55,"column":24},"end":{"line":55,"column":34}},"loc":{"start":{"line":55,"column":42},"end":{"line":74,"column":1}},"line":55},"6":{"name":"(anonymous_6)","decl":{"start":{"line":62,"column":41},"end":{"line":62,"column":42}},"loc":{"start":{"line":63,"column":10},"end":{"line":67,"column":17}},"line":63}},"branchMap":{"0":{"loc":{"start":{"line":25,"column":11},"end":{"line":25,"column":77}},"type":"cond-expr","locations":[{"start":{"line":25,"column":31},"end":{"line":25,"column":66}},{"start":{"line":25,"column":69},"end":{"line":25,"column":77}}],"line":25},"1":{"loc":{"start":{"line":57,"column":2},"end":{"line":57,"column":50}},"type":"cond-expr","locations":[{"start":{"line":57,"column":17},"end":{"line":57,"column":42}},{"start":{"line":57,"column":46},"end":{"line":57,"column":50}}],"line":57},"2":{"loc":{"start":{"line":61,"column":7},"end":{"line":70,"column":26}},"type":"cond-expr","locations":[{"start":{"line":62,"column":9},"end":{"line":68,"column":10}},{"start":{"line":70,"column":8},"end":{"line":70,"column":26}}],"line":61}},"s":{"0":1,"1":0,"2":0,"3":0,"4":0,"5":0,"6":0,"7":0,"8":0,"9":0,"10":0,"11":0,"12":0,"13":0,"14":0,"15":0,"16":0},"f":{"0":0,"1":0,"2":0,"3":0,"4":0,"5":0,"6":0},"b":{"0":[0,0],"1":[0,0],"2":[0,0]},"_coverageSchema":"1a1c01bbd47fc00a2c39e90264f33305004495a9","hash":"e3b1de81bb1bf1f15bfd463bf0cdb9e51f6289d6"}
,"/home/heliovictor/Documents/UFMG/Teste de Software/TP/RecMovies/client/src/pages/movie/movie.jsx": {"path":"/home/heliovictor/Documents/UFMG/Teste de Software/TP/RecMovies/client/src/pages/movie/movie.jsx","statementMap":{"0":{"start":{"line":10,"column":20},"end":{"line":10,"column":57}},"1":{"start":{"line":12,"column":32},"end":{"line":17,"column":1}},"2":{"start":{"line":14,"column":2},"end":{"line":15,"column":82}},"3":{"start":{"line":15,"column":4},"end":{"line":15,"column":82}},"4":{"start":{"line":16,"column":2},"end":{"line":16,"column":18}},"5":{"start":{"line":19,"column":21},"end":{"line":152,"column":1}},"6":{"start":{"line":21,"column":19},"end":{"line":21,"column":32}},"7":{"start":{"line":22,"column":28},"end":{"line":22,"column":46}},"8":{"start":{"line":23,"column":30},"end":{"line":23,"column":48}},"9":{"start":{"line":25,"column":38},"end":{"line":25,"column":59}},"10":{"start":{"line":27,"column":41},"end":{"line":33,"column":3}},"11":{"start":{"line":29,"column":20},"end":{"line":29,"column":59}},"12":{"start":{"line":30,"column":27},"end":{"line":30,"column":54}},"13":{"start":{"line":31,"column":24},"end":{"line":31,"column":65}},"14":{"start":{"line":32,"column":4},"end":{"line":32,"column":74}},"15":{"start":{"line":35,"column":35},"end":{"line":38,"column":3}},"16":{"start":{"line":36,"column":4},"end":{"line":36,"column":30}},"17":{"start":{"line":37,"column":4},"end":{"line":37,"column":41}},"18":{"start":{"line":40,"column":2},"end":{"line":47,"column":23}},"19":{"start":{"line":41,"column":16},"end":{"line":41,"column":36}},"20":{"start":{"line":42,"column":12},"end":{"line":42,"column":69}},"21":{"start":{"line":43,"column":4},"end":{"line":43,"column":30}},"22":{"start":{"line":44,"column":4},"end":{"line":44,"column":19}},"23":{"start":{"line":45,"column":4},"end":{"line":45,"column":17}},"24":{"start":{"line":51,"column":2},"end":{"line":64,"column":23}},"25":{"start":{"line":52,"column":16},"end":{"line":52,"column":36}},"26":{"start":{"line":53,"column":22},"end":{"line":61,"column":5}},"27":{"start":{"line":54,"column":6},"end":{"line":60,"column":7}},"28":{"start":{"line":55,"column":21},"end":{"line":55,"column":56}},"29":{"start":{"line":56,"column":8},"end":{"line":56,"column":25}},"30":{"start":{"line":59,"column":8},"end":{"line":59,"column":31}},"31":{"start":{"line":62,"column":4},"end":{"line":62,"column":16}},"32":{"start":{"line":66,"column":2},"end":{"line":151,"column":4}},"33":{"start":{"line":105,"column":37},"end":{"line":105,"column":68}},"34":{"start":{"line":113,"column":37},"end":{"line":113,"column":68}}},"fnMap":{"0":{"name":"(anonymous_0)","decl":{"start":{"line":12,"column":32},"end":{"line":12,"column":33}},"loc":{"start":{"line":12,"column":54},"end":{"line":17,"column":1}},"line":12},"1":{"name":"(anonymous_1)","decl":{"start":{"line":19,"column":21},"end":{"line":19,"column":22}},"loc":{"start":{"line":19,"column":27},"end":{"line":152,"column":1}},"line":19},"2":{"name":"(anonymous_2)","decl":{"start":{"line":27,"column":41},"end":{"line":27,"column":42}},"loc":{"start":{"line":27,"column":52},"end":{"line":33,"column":3}},"line":27},"3":{"name":"(anonymous_3)","decl":{"start":{"line":35,"column":35},"end":{"line":35,"column":36}},"loc":{"start":{"line":35,"column":46},"end":{"line":38,"column":3}},"line":35},"4":{"name":"(anonymous_4)","decl":{"start":{"line":40,"column":18},"end":{"line":40,"column":19}},"loc":{"start":{"line":40,"column":24},"end":{"line":47,"column":3}},"line":40},"5":{"name":"(anonymous_5)","decl":{"start":{"line":51,"column":18},"end":{"line":51,"column":19}},"loc":{"start":{"line":51,"column":24},"end":{"line":64,"column":3}},"line":51},"6":{"name":"(anonymous_6)","decl":{"start":{"line":53,"column":22},"end":{"line":53,"column":23}},"loc":{"start":{"line":53,"column":34},"end":{"line":61,"column":5}},"line":53},"7":{"name":"(anonymous_7)","decl":{"start":{"line":105,"column":30},"end":{"line":105,"column":31}},"loc":{"start":{"line":105,"column":36},"end":{"line":105,"column":69}},"line":105},"8":{"name":"(anonymous_8)","decl":{"start":{"line":113,"column":30},"end":{"line":113,"column":31}},"loc":{"start":{"line":113,"column":36},"end":{"line":113,"column":69}},"line":113}},"branchMap":{"0":{"loc":{"start":{"line":14,"column":2},"end":{"line":15,"column":82}},"type":"if","locations":[{"start":{"line":14,"column":2},"end":{"line":15,"column":82}},{"start":{},"end":{}}],"line":14},"1":{"loc":{"start":{"line":15,"column":4},"end":{"line":15,"column":82}},"type":"cond-expr","locations":[{"start":{"line":15,"column":26},"end":{"line":15,"column":52}},{"start":{"line":15,"column":55},"end":{"line":15,"column":82}}],"line":15},"2":{"loc":{"start":{"line":30,"column":27},"end":{"line":30,"column":54}},"type":"binary-expr","locations":[{"start":{"line":30,"column":27},"end":{"line":30,"column":48}},{"start":{"line":30,"column":52},"end":{"line":30,"column":54}}],"line":30},"3":{"loc":{"start":{"line":42,"column":12},"end":{"line":42,"column":69}},"type":"binary-expr","locations":[{"start":{"line":42,"column":12},"end":{"line":42,"column":63}},{"start":{"line":42,"column":67},"end":{"line":42,"column":69}}],"line":42},"4":{"loc":{"start":{"line":69,"column":9},"end":{"line":140,"column":16}},"type":"binary-expr","locations":[{"start":{"line":69,"column":9},"end":{"line":69,"column":34}},{"start":{"line":70,"column":8},"end":{"line":140,"column":16}}],"line":69},"5":{"loc":{"start":{"line":81,"column":21},"end":{"line":81,"column":83}},"type":"cond-expr","locations":[{"start":{"line":81,"column":41},"end":{"line":81,"column":72}},{"start":{"line":81,"column":75},"end":{"line":81,"column":83}}],"line":81},"6":{"loc":{"start":{"line":102,"column":19},"end":{"line":115,"column":31}},"type":"cond-expr","locations":[{"start":{"line":103,"column":18},"end":{"line":108,"column":31}},{"start":{"line":110,"column":18},"end":{"line":115,"column":31}}],"line":102}},"s":{"0":1,"1":1,"2":9,"3":6,"4":9,"5":1,"6":0,"7":0,"8":0,"9":0,"10":0,"11":0,"12":0,"13":0,"14":0,"15":0,"16":0,"17":0,"18":0,"19":0,"20":0,"21":0,"22":0,"23":0,"24":0,"25":0,"26":0,"27":0,"28":0,"29":0,"30":0,"31":0,"32":0,"33":0,"34":0},"f":{"0":9,"1":0,"2":0,"3":0,"4":0,"5":0,"6":0,"7":0,"8":0},"b":{"0":[6,3],"1":[2,4],"2":[0,0],"3":[0,0],"4":[0,0],"5":[0,0],"6":[0,0]},"_coverageSchema":"1a1c01bbd47fc00a2c39e90264f33305004495a9","hash":"ac1666fd21f5dc7b964f009519320db9c92d202c"}
,"/home/heliovictor/Documents/UFMG/Teste de Software/TP/RecMovies/client/src/services/api.js": {"path":"/home/heliovictor/Documents/UFMG/Teste de Software/TP/RecMovies/client/src/services/api.js","statementMap":{"0":{"start":{"line":3,"column":12},"end":{"line":5,"column":2}}},"fnMap":{},"branchMap":{},"s":{"0":2},"f":{},"b":{},"_coverageSchema":"1a1c01bbd47fc00a2c39e90264f33305004495a9","hash":"d17043836f555a2bb3fba967309eccfac5a09c79"}
,"/home/heliovictor/Documents/UFMG/Teste de Software/TP/RecMovies/client/src/services/movies/getMovie.jsx": {"path":"/home/heliovictor/Documents/UFMG/Teste de Software/TP/RecMovies/client/src/services/movies/getMovie.jsx","statementMap":{"0":{"start":{"line":5,"column":4},"end":{"line":10,"column":5}},"1":{"start":{"line":6,"column":23},"end":{"line":6,"column":64}},"2":{"start":{"line":7,"column":6},"end":{"line":7,"column":32}},"3":{"start":{"line":9,"column":6},"end":{"line":9,"column":41}},"4":{"start":{"line":14,"column":4},"end":{"line":19,"column":5}},"5":{"start":{"line":15,"column":23},"end":{"line":15,"column":71}},"6":{"start":{"line":16,"column":6},"end":{"line":16,"column":32}},"7":{"start":{"line":18,"column":6},"end":{"line":18,"column":41}}},"fnMap":{"0":{"name":"getMovieInfo","decl":{"start":{"line":3,"column":22},"end":{"line":3,"column":34}},"loc":{"start":{"line":3,"column":47},"end":{"line":11,"column":1}},"line":3},"1":{"name":"getMovieRecommender","decl":{"start":{"line":13,"column":22},"end":{"line":13,"column":41}},"loc":{"start":{"line":13,"column":54},"end":{"line":20,"column":1}},"line":13}},"branchMap":{},"s":{"0":1,"1":1,"2":1,"3":0,"4":0,"5":0,"6":0,"7":0},"f":{"0":1,"1":0},"b":{},"_coverageSchema":"1a1c01bbd47fc00a2c39e90264f33305004495a9","hash":"5dc3624baf05684c96bc5339aedb57fb1643d3bf"}
}
