TN:
SF:src/components/footer.jsx
FN:3,Copyright
FN:16,(anonymous_1)
FNF:2
FNH:2
FNDA:1,Copyright
FNDA:1,(anonymous_1)
DA:4,1
DA:16,1
DA:17,1
LF:3
LH:3
BRF:0
BRH:0
end_of_record
TN:
SF:src/components/movieList.jsx
FN:11,NoMoviesToShow
FN:19,MovieImage
FN:30,MovieDesciption
FN:42,Movie
FN:46,(anonymous_4)
FN:55,MoviesList
FN:62,(anonymous_6)
FNF:7
FNH:0
FNDA:0,NoMoviesToShow
FNDA:0,MovieImage
FNDA:0,MovieDesciption
FNDA:0,Movie
FNDA:0,(anonymous_4)
FNDA:0,MoviesList
FNDA:0,(anonymous_6)
DA:9,1
DA:12,0
DA:13,0
DA:14,0
DA:16,0
DA:20,0
DA:31,0
DA:43,0
DA:44,0
DA:46,0
DA:56,0
DA:57,0
DA:59,0
DA:63,0
LF:14
LH:1
BRDA:25,0,0,0
BRDA:25,0,1,0
BRDA:57,1,0,0
BRDA:57,1,1,0
BRDA:61,2,0,0
BRDA:61,2,1,0
BRF:6
BRH:0
end_of_record
TN:
SF:src/pages/movie/movie.jsx
FN:12,(anonymous_0)
FN:19,(anonymous_1)
FN:27,(anonymous_2)
FN:35,(anonymous_3)
FN:40,(anonymous_4)
FN:51,(anonymous_5)
FN:53,(anonymous_6)
FN:105,(anonymous_7)
FN:113,(anonymous_8)
FNF:9
FNH:1
FNDA:9,(anonymous_0)
FNDA:0,(anonymous_1)
FNDA:0,(anonymous_2)
FNDA:0,(anonymous_3)
FNDA:0,(anonymous_4)
FNDA:0,(anonymous_5)
FNDA:0,(anonymous_6)
FNDA:0,(anonymous_7)
FNDA:0,(anonymous_8)
DA:10,1
DA:12,1
DA:14,9
DA:15,6
DA:16,9
DA:19,1
DA:21,0
DA:22,0
DA:23,0
DA:25,0
DA:27,0
DA:29,0
DA:30,0
DA:31,0
DA:32,0
DA:35,0
DA:36,0
DA:37,0
DA:40,0
DA:41,0
DA:42,0
DA:43,0
DA:44,0
DA:45,0
DA:51,0
DA:52,0
DA:53,0
DA:54,0
DA:55,0
DA:56,0
DA:59,0
DA:62,0
DA:66,0
DA:105,0
DA:113,0
LF:35
LH:6
BRDA:14,0,0,6
BRDA:14,0,1,3
BRDA:15,1,0,2
BRDA:15,1,1,4
BRDA:30,2,0,0
BRDA:30,2,1,0
BRDA:42,3,0,0
BRDA:42,3,1,0
BRDA:69,4,0,0
BRDA:69,4,1,0
BRDA:81,5,0,0
BRDA:81,5,1,0
BRDA:102,6,0,0
BRDA:102,6,1,0
BRF:14
BRH:4
end_of_record
TN:
SF:src/services/api.js
FNF:0
FNH:0
DA:3,2
LF:1
LH:1
BRF:0
BRH:0
end_of_record
TN:
SF:src/services/movies/getMovie.jsx
FN:3,getMovieInfo
FN:13,getMovieRecommender
FNF:2
FNH:1
FNDA:1,getMovieInfo
FNDA:0,getMovieRecommender
DA:5,1
DA:6,1
DA:7,1
DA:9,0
DA:14,0
DA:15,0
DA:16,0
DA:18,0
LF:8
LH:3
BRF:0
BRH:0
end_of_record
